[debug] [2023-03-09T05:00:30.567Z] ----------------------------------------------------------------------
[debug] [2023-03-09T05:00:30.577Z] Command:       C:\Program Files\nodejs\node.exe C:\Users\Ferchbo Toshiba\AppData\Roaming\npm\node_modules\firebase-tools\lib\bin\firebase.js deploy
[debug] [2023-03-09T05:00:30.579Z] CLI Version:   11.24.0
[debug] [2023-03-09T05:00:30.580Z] Platform:      win32
[debug] [2023-03-09T05:00:30.580Z] Node Version:  v18.12.1
[debug] [2023-03-09T05:00:30.582Z] Time:          Thu Mar 09 2023 02:00:30 GMT-0300 (hora estándar de Argentina)
[debug] [2023-03-09T05:00:30.583Z] ----------------------------------------------------------------------
[debug] 
[debug] [2023-03-09T05:00:30.998Z] > command requires scopes: ["email","openid","https://www.googleapis.com/auth/cloudplatformprojects.readonly","https://www.googleapis.com/auth/firebase","https://www.googleapis.com/auth/cloud-platform"]
[debug] [2023-03-09T05:00:31.000Z] > authorizing via signed-in user (ferchboo@gmail.com)
[debug] [2023-03-09T05:00:31.001Z] [iam] checking project fhbofrontend for permissions ["cloudfunctions.functions.create","cloudfunctions.functions.delete","cloudfunctions.functions.get","cloudfunctions.functions.list","cloudfunctions.functions.update","cloudfunctions.operations.get","firebase.projects.get","firebasehosting.sites.update"]
[debug] [2023-03-09T05:00:31.010Z] >>> [apiv2][query] POST https://cloudresourcemanager.googleapis.com/v1/projects/fhbofrontend:testIamPermissions [none]
[debug] [2023-03-09T05:00:31.011Z] >>> [apiv2][(partial)header] POST https://cloudresourcemanager.googleapis.com/v1/projects/fhbofrontend:testIamPermissions x-goog-quota-user=projects/fhbofrontend
[debug] [2023-03-09T05:00:31.012Z] >>> [apiv2][body] POST https://cloudresourcemanager.googleapis.com/v1/projects/fhbofrontend:testIamPermissions {"permissions":["cloudfunctions.functions.create","cloudfunctions.functions.delete","cloudfunctions.functions.get","cloudfunctions.functions.list","cloudfunctions.functions.update","cloudfunctions.operations.get","firebase.projects.get","firebasehosting.sites.update"]}
[debug] [2023-03-09T05:00:32.289Z] <<< [apiv2][status] POST https://cloudresourcemanager.googleapis.com/v1/projects/fhbofrontend:testIamPermissions 200
[debug] [2023-03-09T05:00:32.291Z] <<< [apiv2][body] POST https://cloudresourcemanager.googleapis.com/v1/projects/fhbofrontend:testIamPermissions {"permissions":["cloudfunctions.functions.create","cloudfunctions.functions.delete","cloudfunctions.functions.get","cloudfunctions.functions.list","cloudfunctions.functions.update","cloudfunctions.operations.get","firebase.projects.get","firebasehosting.sites.update"]}
[debug] [2023-03-09T05:00:32.294Z] >>> [apiv2][query] POST https://iam.googleapis.com/v1/projects/fhbofrontend/serviceAccounts/fhbofrontend@appspot.gserviceaccount.com:testIamPermissions [none]
[debug] [2023-03-09T05:00:32.294Z] >>> [apiv2][body] POST https://iam.googleapis.com/v1/projects/fhbofrontend/serviceAccounts/fhbofrontend@appspot.gserviceaccount.com:testIamPermissions {"permissions":["iam.serviceAccounts.actAs"]}
[debug] [2023-03-09T05:00:33.175Z] <<< [apiv2][status] POST https://iam.googleapis.com/v1/projects/fhbofrontend/serviceAccounts/fhbofrontend@appspot.gserviceaccount.com:testIamPermissions 200
[debug] [2023-03-09T05:00:33.175Z] <<< [apiv2][body] POST https://iam.googleapis.com/v1/projects/fhbofrontend/serviceAccounts/fhbofrontend@appspot.gserviceaccount.com:testIamPermissions {"permissions":["iam.serviceAccounts.actAs"]}
[debug] [2023-03-09T05:00:33.180Z] >>> [apiv2][query] GET https://firebase.googleapis.com/v1beta1/projects/fhbofrontend [none]
[debug] [2023-03-09T05:00:33.590Z] <<< [apiv2][status] GET https://firebase.googleapis.com/v1beta1/projects/fhbofrontend 200
[debug] [2023-03-09T05:00:33.590Z] <<< [apiv2][body] GET https://firebase.googleapis.com/v1beta1/projects/fhbofrontend {"projectId":"fhbofrontend","projectNumber":"498333782501","displayName":"fhboFrontEnd","name":"projects/fhbofrontend","resources":{"hostingSite":"fhbofrontend","realtimeDatabaseInstance":"fhbofrontend-default-rtdb","storageBucket":"fhbofrontend.appspot.com","locationId":"southamerica-east1"},"state":"ACTIVE","etag":"1_d54ee905-0d97-4167-8dfd-db013e2887ff"}
[info] 
[info] === Deploying to 'fhbofrontend'...
[info] 
[info] i  deploying functions, hosting 
[info] Running command: npm --prefix "$RESOURCE_DIR" run build
